<?xml version="1.0" encoding="UTF-8"?>
<!-- Generated by org.testng.reporters.JUnitXMLReporter -->
<testsuite hostname="harsimrandhanoa" name="Command line test" tests="4" failures="0" timestamp="14 Dec 2015 05:23:54 GMT" time="0.047" errors="0">
  <testcase name="test3" time="0.015" classname="package1.Test10"/>
  <testcase name="test2" time="0.0" classname="package1.Test2"/>
  <testcase name="test3" time="0.0" classname="package1.Test3"/>
  <testcase name="test3" time="0.016" classname="package1.Test4"/>
</testsuite> <!-- Command line test -->
