<?xml version="1.0" encoding="UTF-8"?>
<testng-results skipped="0" failed="0" total="7" passed="7">
  <reporter-output>
  </reporter-output>
  <suite name="ABC" duration-ms="32589" started-at="2016-04-21T18:09:53Z" finished-at="2016-04-21T18:10:25Z">
    <groups>
    </groups>
    <test name="Fifth Class" duration-ms="105" started-at="2016-04-21T18:09:53Z" finished-at="2016-04-21T18:09:53Z">
      <class name="package2.Test10">
        <test-method status="PASS" signature="test2_2()[pri:0, instance:package2.Test10@77b52d12]" name="test2_2" duration-ms="28" started-at="2016-04-21T11:09:53Z" finished-at="2016-04-21T11:09:53Z">
          <reporter-output>
          </reporter-output>
        </test-method> <!-- test2_2 -->
      </class> <!-- package2.Test10 -->
    </test> <!-- Fifth Class -->
    <test name="Fourth Class" duration-ms="32100" started-at="2016-04-21T18:09:53Z" finished-at="2016-04-21T18:10:25Z">
      <class name="package1.Test10">
        <test-method status="PASS" signature="test3()[pri:0, instance:package1.Test10@3551a94]" name="test3" duration-ms="32097" started-at="2016-04-21T11:09:53Z" finished-at="2016-04-21T11:10:25Z">
          <reporter-output>
          </reporter-output>
        </test-method> <!-- test3 -->
      </class> <!-- package1.Test10 -->
    </test> <!-- Fourth Class -->
    <test name="First Class" duration-ms="5" started-at="2016-04-21T18:10:25Z" finished-at="2016-04-21T18:10:25Z">
      <class name="package1.Test2">
        <test-method status="PASS" signature="test2()[pri:0, instance:package1.Test2@234bef66]" name="test2" duration-ms="0" started-at="2016-04-21T11:10:25Z" finished-at="2016-04-21T11:10:25Z">
          <reporter-output>
          </reporter-output>
        </test-method> <!-- test2 -->
        <test-method status="PASS" signature="test3()[pri:2, instance:package1.Test2@234bef66]" name="test3" duration-ms="0" started-at="2016-04-21T11:10:25Z" finished-at="2016-04-21T11:10:25Z">
          <reporter-output>
          </reporter-output>
        </test-method> <!-- test3 -->
        <test-method status="PASS" signature="test4()[pri:3, instance:package1.Test2@234bef66]" name="test4" duration-ms="1" started-at="2016-04-21T11:10:25Z" finished-at="2016-04-21T11:10:25Z">
          <reporter-output>
          </reporter-output>
        </test-method> <!-- test4 -->
      </class> <!-- package1.Test2 -->
    </test> <!-- First Class -->
    <test name="Second Class Class" duration-ms="1" started-at="2016-04-21T18:10:25Z" finished-at="2016-04-21T18:10:25Z">
      <class name="package1.Test3">
        <test-method status="PASS" signature="test3()[pri:0, instance:package1.Test3@3dd3bcd]" name="test3" duration-ms="1" started-at="2016-04-21T11:10:25Z" finished-at="2016-04-21T11:10:25Z">
          <reporter-output>
          </reporter-output>
        </test-method> <!-- test3 -->
      </class> <!-- package1.Test3 -->
    </test> <!-- Second Class Class -->
    <test name="Third Class" duration-ms="3" started-at="2016-04-21T18:10:25Z" finished-at="2016-04-21T18:10:25Z">
      <class name="package1.Test4">
        <test-method status="PASS" signature="test3()[pri:0, instance:package1.Test4@7ca48474]" name="test3" duration-ms="1" started-at="2016-04-21T11:10:25Z" finished-at="2016-04-21T11:10:25Z">
          <reporter-output>
          </reporter-output>
        </test-method> <!-- test3 -->
      </class> <!-- package1.Test4 -->
    </test> <!-- Third Class -->
  </suite> <!-- ABC -->
</testng-results>
