<?xml version="1.0" encoding="UTF-8"?>
<testng-results skipped="0" failed="0" total="7" passed="7">
  <reporter-output>
  </reporter-output>
  <suite name="ABC" duration-ms="17032" started-at="2016-04-21T18:06:35Z" finished-at="2016-04-21T18:06:52Z">
    <groups>
    </groups>
    <test name="Fifth Class" duration-ms="81" started-at="2016-04-21T18:06:35Z" finished-at="2016-04-21T18:06:35Z">
      <class name="package2.Test10">
        <test-method status="PASS" signature="test2_2()[pri:0, instance:package2.Test10@5a39699c]" name="test2_2" duration-ms="33" started-at="2016-04-21T11:06:35Z" finished-at="2016-04-21T11:06:35Z">
          <reporter-output>
          </reporter-output>
        </test-method> <!-- test2_2 -->
      </class> <!-- package2.Test10 -->
    </test> <!-- Fifth Class -->
    <test name="Fourth Class" duration-ms="16497" started-at="2016-04-21T18:06:35Z" finished-at="2016-04-21T18:06:51Z">
      <class name="package1.Test10">
        <test-method status="PASS" signature="test3()[pri:0, instance:package1.Test10@b684286]" name="test3" duration-ms="16493" started-at="2016-04-21T11:06:35Z" finished-at="2016-04-21T11:06:51Z">
          <reporter-output>
          </reporter-output>
        </test-method> <!-- test3 -->
      </class> <!-- package1.Test10 -->
    </test> <!-- Fourth Class -->
    <test name="First Class" duration-ms="16" started-at="2016-04-21T18:06:51Z" finished-at="2016-04-21T18:06:51Z">
      <class name="package1.Test2">
        <test-method status="PASS" signature="test2()[pri:0, instance:package1.Test2@30c7da1e]" name="test2" duration-ms="2" started-at="2016-04-21T11:06:51Z" finished-at="2016-04-21T11:06:51Z">
          <reporter-output>
          </reporter-output>
        </test-method> <!-- test2 -->
        <test-method status="PASS" signature="test3()[pri:2, instance:package1.Test2@30c7da1e]" name="test3" duration-ms="2" started-at="2016-04-21T11:06:51Z" finished-at="2016-04-21T11:06:51Z">
          <reporter-output>
          </reporter-output>
        </test-method> <!-- test3 -->
        <test-method status="PASS" signature="test4()[pri:3, instance:package1.Test2@30c7da1e]" name="test4" duration-ms="3" started-at="2016-04-21T11:06:51Z" finished-at="2016-04-21T11:06:51Z">
          <reporter-output>
          </reporter-output>
        </test-method> <!-- test4 -->
      </class> <!-- package1.Test2 -->
    </test> <!-- First Class -->
    <test name="Second Class Class" duration-ms="18" started-at="2016-04-21T18:06:52Z" finished-at="2016-04-21T18:06:52Z">
      <class name="package1.Test3">
        <test-method status="PASS" signature="test3()[pri:0, instance:package1.Test3@7a0ac6e3]" name="test3" duration-ms="7" started-at="2016-04-21T11:06:52Z" finished-at="2016-04-21T11:06:52Z">
          <reporter-output>
          </reporter-output>
        </test-method> <!-- test3 -->
      </class> <!-- package1.Test3 -->
    </test> <!-- Second Class Class -->
    <test name="Third Class" duration-ms="9" started-at="2016-04-21T18:06:52Z" finished-at="2016-04-21T18:06:52Z">
      <class name="package1.Test4">
        <test-method status="PASS" signature="test3()[pri:0, instance:package1.Test4@96532d6]" name="test3" duration-ms="2" started-at="2016-04-21T11:06:52Z" finished-at="2016-04-21T11:06:52Z">
          <reporter-output>
          </reporter-output>
        </test-method> <!-- test3 -->
      </class> <!-- package1.Test4 -->
    </test> <!-- Third Class -->
  </suite> <!-- ABC -->
</testng-results>
